<?xml version="1.0" encoding="UTF-8"?>
<!-- Generated by org.testng.reporters.JUnitXMLReporter -->
<testsuite ignored="0" hostname="amr016-HP-ProBook-430-G1" failures="0" tests="9" name="Test2" time="0.033" errors="0" timestamp="2021-08-13T14:27:28 IST">
  <testcase classname="package2.Class1" name="p1c1m2" time="0.002"/>
  <testcase classname="package2.Class1" name="p1c1m3" time="0.002"/>
  <testcase classname="package2.Class1" name="p2c1m1" time="0.002"/>
  <testcase classname="package2.Class2" name="p2c2m1" time="0.001"/>
  <testcase classname="package2.Class2" name="p2c2m2" time="0.002"/>
  <testcase classname="package2.Class2" name="p2c2m3" time="0.001"/>
  <testcase classname="package2.Class3" name="p2c3m1" time="0.002"/>
  <testcase classname="package2.Class3" name="p2c3m2" time="0.001"/>
  <testcase classname="package2.Class3" name="p2c3m3" time="0.001"/>
</testsuite> <!-- Test2 -->
