<?xml version="1.0" encoding="UTF-8"?>
<!-- Generated by org.testng.reporters.JUnitXMLReporter -->
<testsuite ignored="0" hostname="amr016-HP-ProBook-430-G1" failures="0" tests="9" name="Test1" time="0.097" errors="0" timestamp="2021-08-13T14:27:28 IST">
  <testcase classname="package1.Class1" name="p1c1m1" time="0.009"/>
  <testcase classname="package1.Class1" name="p1c1m2" time="0.002"/>
  <testcase classname="package1.Class1" name="p1c1m3" time="0.002"/>
  <testcase classname="package1.Class2" name="p1c2m1" time="0.002"/>
  <testcase classname="package1.Class2" name="p1c2m2" time="0.002"/>
  <testcase classname="package1.Class2" name="p1c2m3" time="0.002"/>
  <testcase classname="package1.Class3" name="p1c3m1" time="0.001"/>
  <testcase classname="package1.Class3" name="p1c3m2" time="0.002"/>
  <testcase classname="package1.Class3" name="p1c3m3" time="0.001"/>
</testsuite> <!-- Test1 -->
