<?xml version="1.0" encoding="UTF-8"?>
<testng-results ignored="0" total="18" passed="18" failed="0" skipped="0">
  <reporter-output>
  </reporter-output>
  <suite started-at="2021-08-13T14:46:41 IST" name="Suite" finished-at="2021-08-13T14:46:41 IST" duration-ms="211">
    <groups>
    </groups>
    <test started-at="2021-08-13T14:46:41 IST" name="Test1" finished-at="2021-08-13T14:46:41 IST" duration-ms="102">
      <class name="package1.Class1">
        <test-method is-config="true" signature="bt()[pri:0, instance:package1.Class1@6973bf95]" started-at="2021-08-13T14:46:41 IST" name="bt" finished-at="2021-08-13T14:46:41 IST" duration-ms="1" status="PASS">
          <reporter-output>
          </reporter-output>
        </test-method> <!-- bt -->
        <test-method is-config="true" signature="bc()[pri:0, instance:package1.Class1@6973bf95]" started-at="2021-08-13T14:46:41 IST" name="bc" finished-at="2021-08-13T14:46:41 IST" duration-ms="3" status="PASS">
          <reporter-output>
          </reporter-output>
        </test-method> <!-- bc -->
        <test-method signature="p1c1m1()[pri:0, instance:package1.Class1@6973bf95]" started-at="2021-08-13T14:46:41 IST" name="p1c1m1" finished-at="2021-08-13T14:46:41 IST" duration-ms="9" status="PASS">
          <reporter-output>
          </reporter-output>
        </test-method> <!-- p1c1m1 -->
        <test-method signature="p1c1m2()[pri:0, instance:package1.Class1@6973bf95]" started-at="2021-08-13T14:46:41 IST" name="p1c1m2" finished-at="2021-08-13T14:46:41 IST" duration-ms="2" status="PASS">
          <reporter-output>
          </reporter-output>
        </test-method> <!-- p1c1m2 -->
        <test-method signature="p1c1m3()[pri:0, instance:package1.Class1@6973bf95]" started-at="2021-08-13T14:46:41 IST" name="p1c1m3" finished-at="2021-08-13T14:46:41 IST" duration-ms="3" status="PASS">
          <reporter-output>
          </reporter-output>
        </test-method> <!-- p1c1m3 -->
        <test-method is-config="true" signature="ac()[pri:0, instance:package1.Class1@6973bf95]" started-at="2021-08-13T14:46:41 IST" name="ac" finished-at="2021-08-13T14:46:41 IST" duration-ms="1" status="PASS">
          <reporter-output>
          </reporter-output>
        </test-method> <!-- ac -->
        <test-method is-config="true" signature="at()[pri:0, instance:package1.Class1@6973bf95]" started-at="2021-08-13T14:46:41 IST" name="at" finished-at="2021-08-13T14:46:41 IST" duration-ms="0" status="PASS">
          <reporter-output>
          </reporter-output>
        </test-method> <!-- at -->
      </class> <!-- package1.Class1 -->
      <class name="package1.Class2">
        <test-method is-config="true" signature="bc()[pri:0, instance:package1.Class2@18ce0030]" started-at="2021-08-13T14:46:41 IST" name="bc" finished-at="2021-08-13T14:46:41 IST" duration-ms="0" status="PASS">
          <reporter-output>
          </reporter-output>
        </test-method> <!-- bc -->
        <test-method signature="p1c2m1()[pri:0, instance:package1.Class2@18ce0030]" started-at="2021-08-13T14:46:41 IST" name="p1c2m1" finished-at="2021-08-13T14:46:41 IST" duration-ms="2" status="PASS">
          <reporter-output>
          </reporter-output>
        </test-method> <!-- p1c2m1 -->
        <test-method signature="p1c2m2()[pri:0, instance:package1.Class2@18ce0030]" started-at="2021-08-13T14:46:41 IST" name="p1c2m2" finished-at="2021-08-13T14:46:41 IST" duration-ms="1" status="PASS">
          <reporter-output>
          </reporter-output>
        </test-method> <!-- p1c2m2 -->
        <test-method signature="p1c2m3()[pri:0, instance:package1.Class2@18ce0030]" started-at="2021-08-13T14:46:41 IST" name="p1c2m3" finished-at="2021-08-13T14:46:41 IST" duration-ms="5" status="PASS">
          <reporter-output>
          </reporter-output>
        </test-method> <!-- p1c2m3 -->
      </class> <!-- package1.Class2 -->
      <class name="package1.Class3">
        <test-method is-config="true" signature="bc()[pri:0, instance:package1.Class3@25d250c6]" started-at="2021-08-13T14:46:41 IST" name="bc" finished-at="2021-08-13T14:46:41 IST" duration-ms="0" status="PASS">
          <reporter-output>
          </reporter-output>
        </test-method> <!-- bc -->
        <test-method signature="p1c3m1()[pri:0, instance:package1.Class3@25d250c6]" started-at="2021-08-13T14:46:41 IST" name="p1c3m1" finished-at="2021-08-13T14:46:41 IST" duration-ms="2" status="PASS">
          <reporter-output>
          </reporter-output>
        </test-method> <!-- p1c3m1 -->
        <test-method signature="p1c3m2()[pri:0, instance:package1.Class3@25d250c6]" started-at="2021-08-13T14:46:41 IST" name="p1c3m2" finished-at="2021-08-13T14:46:41 IST" duration-ms="2" status="PASS">
          <reporter-output>
          </reporter-output>
        </test-method> <!-- p1c3m2 -->
        <test-method signature="p1c3m3()[pri:0, instance:package1.Class3@25d250c6]" started-at="2021-08-13T14:46:41 IST" name="p1c3m3" finished-at="2021-08-13T14:46:41 IST" duration-ms="2" status="PASS">
          <reporter-output>
          </reporter-output>
        </test-method> <!-- p1c3m3 -->
      </class> <!-- package1.Class3 -->
    </test> <!-- Test1 -->
    <test started-at="2021-08-13T14:46:41 IST" name="Test2" finished-at="2021-08-13T14:46:41 IST" duration-ms="34">
      <class name="package1.Class1">
        <test-method is-config="true" signature="bs()[pri:0, instance:package1.Class1@6973bf95]" started-at="2021-08-13T14:46:41 IST" name="bs" finished-at="2021-08-13T14:46:41 IST" duration-ms="9" status="PASS">
          <reporter-output>
          </reporter-output>
        </test-method> <!-- bs -->
        <test-method is-config="true" signature="as()[pri:0, instance:package1.Class1@6973bf95]" started-at="2021-08-13T14:46:41 IST" name="as" finished-at="2021-08-13T14:46:41 IST" duration-ms="0" status="PASS">
          <reporter-output>
          </reporter-output>
        </test-method> <!-- as -->
      </class> <!-- package1.Class1 -->
      <class name="package2.Class3">
        <test-method signature="p2c3m1()[pri:0, instance:package2.Class3@79b06cab]" started-at="2021-08-13T14:46:41 IST" name="p2c3m1" finished-at="2021-08-13T14:46:41 IST" duration-ms="1" status="PASS">
          <reporter-output>
          </reporter-output>
        </test-method> <!-- p2c3m1 -->
        <test-method signature="p2c3m2()[pri:0, instance:package2.Class3@79b06cab]" started-at="2021-08-13T14:46:41 IST" name="p2c3m2" finished-at="2021-08-13T14:46:41 IST" duration-ms="2" status="PASS">
          <reporter-output>
          </reporter-output>
        </test-method> <!-- p2c3m2 -->
        <test-method signature="p2c3m3()[pri:0, instance:package2.Class3@79b06cab]" started-at="2021-08-13T14:46:41 IST" name="p2c3m3" finished-at="2021-08-13T14:46:41 IST" duration-ms="1" status="PASS">
          <reporter-output>
          </reporter-output>
        </test-method> <!-- p2c3m3 -->
      </class> <!-- package2.Class3 -->
      <class name="package2.Class2">
        <test-method signature="p2c2m1()[pri:0, instance:package2.Class2@4690b489]" started-at="2021-08-13T14:46:41 IST" name="p2c2m1" finished-at="2021-08-13T14:46:41 IST" duration-ms="1" status="PASS">
          <reporter-output>
          </reporter-output>
        </test-method> <!-- p2c2m1 -->
        <test-method signature="p2c2m2()[pri:0, instance:package2.Class2@4690b489]" started-at="2021-08-13T14:46:41 IST" name="p2c2m2" finished-at="2021-08-13T14:46:41 IST" duration-ms="1" status="PASS">
          <reporter-output>
          </reporter-output>
        </test-method> <!-- p2c2m2 -->
        <test-method signature="p2c2m3()[pri:0, instance:package2.Class2@4690b489]" started-at="2021-08-13T14:46:41 IST" name="p2c2m3" finished-at="2021-08-13T14:46:41 IST" duration-ms="1" status="PASS">
          <reporter-output>
          </reporter-output>
        </test-method> <!-- p2c2m3 -->
      </class> <!-- package2.Class2 -->
      <class name="package2.Class1">
        <test-method signature="p1c1m2()[pri:0, instance:package2.Class1@363ee3a2]" started-at="2021-08-13T14:46:41 IST" name="p1c1m2" finished-at="2021-08-13T14:46:41 IST" duration-ms="2" status="PASS">
          <reporter-output>
          </reporter-output>
        </test-method> <!-- p1c1m2 -->
        <test-method signature="p1c1m3()[pri:0, instance:package2.Class1@363ee3a2]" started-at="2021-08-13T14:46:41 IST" name="p1c1m3" finished-at="2021-08-13T14:46:41 IST" duration-ms="1" status="PASS">
          <reporter-output>
          </reporter-output>
        </test-method> <!-- p1c1m3 -->
        <test-method signature="p2c1m1()[pri:0, instance:package2.Class1@363ee3a2]" started-at="2021-08-13T14:46:41 IST" name="p2c1m1" finished-at="2021-08-13T14:46:41 IST" duration-ms="2" status="PASS">
          <reporter-output>
          </reporter-output>
        </test-method> <!-- p2c1m1 -->
      </class> <!-- package2.Class1 -->
    </test> <!-- Test2 -->
  </suite> <!-- Suite -->
</testng-results>
